reading parameters
parameter check passed
 4  4  5 58 29 10

MADS run {

	BBE	(	SOL	)	OBJ

executing /home/jdart/tools/match.py 200 see_pruning_min_depth 4 see_pruning_max_depth 4 lmr_base 5 lmr_pv 58 lmr_non_pv 29 lmr_depth 10
calling remote_stop

did remote_stop

calling remote_stop

did remote_stop

executing match with Gaviota-1.0 on puppy

executing match with Gaviota-1.0 on puppy

executing match with Gaviota-1.0 on puppy

executing match with Gaviota-1.0 on puppy

executing match with Gaviota-1.0 on puppy

executing match with Gaviota-1.0 on puppy

executing match with Gaviota-1.0 on puppy

executing match with Gaviota-1.0 on puppy

executing match with EXchess-7.26 on sassy

executing match with EXchess-7.26 on sassy

executing match with EXchess-7.26 on sassy

executing match with EXchess-7.26 on sassy

executing match with EXchess-7.26 on sassy

executing match with EXchess-7.26 on sassy

executing match with Crafty-23.8 on sassy

executing match with Crafty-23.8 on sassy

executing match with Crafty-23.8 on sassy

executing match with Crafty-23.8 on sassy

executing match with Crafty-23.8 on sassy

executing match with Crafty-23.8 on sassy

executing match with Discocheck-5.2 on localhost

executing match with Discocheck-5.2 on localhost

executing match with Discocheck-5.2 on localhost

executing match with Discocheck-5.2 on localhost

executing match with Discocheck-5.2 on localhost

executing match with Discocheck-5.2 on localhost

executing match with Discocheck-5.2 on localhost

executing match with Discocheck-5.2 on localhost

executing match with MinkoChess-1.3 on localhost

executing match with MinkoChess-1.3 on localhost

executing match with MinkoChess-1.3 on localhost

executing match with MinkoChess-1.3 on localhost

executing match with MinkoChess-1.3 on localhost

executing match with MinkoChess-1.3 on localhost

executing match with MinkoChess-1.3 on localhost

executing match with MinkoChess-1.3 on localhost

executing match with Fruit-2.3.1 on localhost

executing match with Fruit-2.3.1 on localhost

executing match with Fruit-2.3.1 on localhost

executing match with Fruit-2.3.1 on localhost

executing match with Fruit-2.3.1 on localhost

executing match with Fruit-2.3.1 on localhost

executing match with Fruit-2.3.1 on localhost

executing match with Fruit-2.3.1 on localhost

waiting for local process completion

All local processes completed.

All remote processes completed.

rating=2338

	  1	(	4 4 5 58 29 10 )	2662.0000000000
executing /home/jdart/tools/match.py 200 see_pruning_min_depth 5 see_pruning_max_depth 4 lmr_base 5 lmr_pv 58 lmr_non_pv 29 lmr_depth 10
calling remote_stop

did remote_stop

calling remote_stop

did remote_stop

executing match with Gaviota-1.0 on puppy

executing match with Gaviota-1.0 on puppy

executing match with Gaviota-1.0 on puppy

executing match with Gaviota-1.0 on puppy

executing match with Gaviota-1.0 on puppy

executing match with Gaviota-1.0 on puppy

executing match with Gaviota-1.0 on puppy

executing match with Gaviota-1.0 on puppy

executing match with EXchess-7.26 on sassy

executing match with EXchess-7.26 on sassy

executing match with EXchess-7.26 on sassy

executing match with EXchess-7.26 on sassy

executing match with EXchess-7.26 on sassy

executing match with EXchess-7.26 on sassy

executing match with Crafty-23.8 on sassy

executing match with Crafty-23.8 on sassy

executing match with Crafty-23.8 on sassy

executing match with Crafty-23.8 on sassy

executing match with Crafty-23.8 on sassy

executing match with Crafty-23.8 on sassy

executing match with Discocheck-5.2 on localhost

executing match with Discocheck-5.2 on localhost

executing match with Discocheck-5.2 on localhost

executing match with Discocheck-5.2 on localhost

executing match with Discocheck-5.2 on localhost

executing match with Discocheck-5.2 on localhost

executing match with Discocheck-5.2 on localhost

executing match with Discocheck-5.2 on localhost

executing match with MinkoChess-1.3 on localhost

executing match with MinkoChess-1.3 on localhost

executing match with MinkoChess-1.3 on localhost

executing match with MinkoChess-1.3 on localhost

executing match with MinkoChess-1.3 on localhost

executing match with MinkoChess-1.3 on localhost

executing match with MinkoChess-1.3 on localhost

executing match with MinkoChess-1.3 on localhost

executing match with Fruit-2.3.1 on localhost

executing match with Fruit-2.3.1 on localhost

executing match with Fruit-2.3.1 on localhost

executing match with Fruit-2.3.1 on localhost

executing match with Fruit-2.3.1 on localhost

executing match with Fruit-2.3.1 on localhost

executing match with Fruit-2.3.1 on localhost

executing match with Fruit-2.3.1 on localhost

waiting for local process completion

All local processes completed.

All remote processes completed.

rating=2336

executing /home/jdart/tools/match.py 200 see_pruning_min_depth 4 see_pruning_max_depth 6 lmr_base 5 lmr_pv 58 lmr_non_pv 29 lmr_depth 10
calling remote_stop

did remote_stop

calling remote_stop

did remote_stop

executing match with Gaviota-1.0 on puppy

executing match with Gaviota-1.0 on puppy

executing match with Gaviota-1.0 on puppy

executing match with Gaviota-1.0 on puppy

executing match with Gaviota-1.0 on puppy

executing match with Gaviota-1.0 on puppy

executing match with Gaviota-1.0 on puppy

executing match with Gaviota-1.0 on puppy

executing match with EXchess-7.26 on sassy

executing match with EXchess-7.26 on sassy

executing match with EXchess-7.26 on sassy

executing match with EXchess-7.26 on sassy

executing match with EXchess-7.26 on sassy

executing match with EXchess-7.26 on sassy

executing match with Crafty-23.8 on sassy

executing match with Crafty-23.8 on sassy

executing match with Crafty-23.8 on sassy

executing match with Crafty-23.8 on sassy

executing match with Crafty-23.8 on sassy

executing match with Crafty-23.8 on sassy

executing match with Discocheck-5.2 on localhost

executing match with Discocheck-5.2 on localhost

executing match with Discocheck-5.2 on localhost

executing match with Discocheck-5.2 on localhost

executing match with Discocheck-5.2 on localhost

executing match with Discocheck-5.2 on localhost

executing match with Discocheck-5.2 on localhost

executing match with Discocheck-5.2 on localhost

executing match with MinkoChess-1.3 on localhost

executing match with MinkoChess-1.3 on localhost

executing match with MinkoChess-1.3 on localhost

executing match with MinkoChess-1.3 on localhost

executing match with MinkoChess-1.3 on localhost

executing match with MinkoChess-1.3 on localhost

executing match with MinkoChess-1.3 on localhost

executing match with MinkoChess-1.3 on localhost

executing match with Fruit-2.3.1 on localhost

executing match with Fruit-2.3.1 on localhost

executing match with Fruit-2.3.1 on localhost

executing match with Fruit-2.3.1 on localhost

executing match with Fruit-2.3.1 on localhost

executing match with Fruit-2.3.1 on localhost

executing match with Fruit-2.3.1 on localhost

executing match with Fruit-2.3.1 on localhost

waiting for local process completion

All local processes completed.

All remote processes completed.

rating=2339

	  3	(	4 6 5 58 29 10 )	2661.0000000000
iterations = 1, black box evals = 3
executing /home/jdart/tools/match.py 200 see_pruning_min_depth 4 see_pruning_max_depth 12 lmr_base 5 lmr_pv 58 lmr_non_pv 29 lmr_depth 10
calling remote_stop

did remote_stop

calling remote_stop

did remote_stop

executing match with Gaviota-1.0 on puppy

executing match with Gaviota-1.0 on puppy

executing match with Gaviota-1.0 on puppy

executing match with Gaviota-1.0 on puppy

executing match with Gaviota-1.0 on puppy

executing match with Gaviota-1.0 on puppy

executing match with Gaviota-1.0 on puppy

executing match with Gaviota-1.0 on puppy

executing match with EXchess-7.26 on sassy

executing match with EXchess-7.26 on sassy

executing match with EXchess-7.26 on sassy

executing match with EXchess-7.26 on sassy

executing match with EXchess-7.26 on sassy

executing match with EXchess-7.26 on sassy

executing match with Crafty-23.8 on sassy

executing match with Crafty-23.8 on sassy

executing match with Crafty-23.8 on sassy

executing match with Crafty-23.8 on sassy

executing match with Crafty-23.8 on sassy

executing match with Crafty-23.8 on sassy

executing match with Discocheck-5.2 on localhost

executing match with Discocheck-5.2 on localhost

executing match with Discocheck-5.2 on localhost

executing match with Discocheck-5.2 on localhost

executing match with Discocheck-5.2 on localhost

executing match with Discocheck-5.2 on localhost

executing match with Discocheck-5.2 on localhost

executing match with Discocheck-5.2 on localhost

executing match with MinkoChess-1.3 on localhost

executing match with MinkoChess-1.3 on localhost

executing match with MinkoChess-1.3 on localhost

executing match with MinkoChess-1.3 on localhost

executing match with MinkoChess-1.3 on localhost

executing match with MinkoChess-1.3 on localhost

executing match with MinkoChess-1.3 on localhost

executing match with MinkoChess-1.3 on localhost

executing match with Fruit-2.3.1 on localhost

executing match with Fruit-2.3.1 on localhost

executing match with Fruit-2.3.1 on localhost

executing match with Fruit-2.3.1 on localhost

executing match with Fruit-2.3.1 on localhost

executing match with Fruit-2.3.1 on localhost

executing match with Fruit-2.3.1 on localhost

executing match with Fruit-2.3.1 on localhost

waiting for local process completion

All local processes completed.

All remote processes completed.

rating=2333

executing /home/jdart/tools/match.py 200 see_pruning_min_depth 4 see_pruning_max_depth 10 lmr_base 5 lmr_pv 58 lmr_non_pv 29 lmr_depth 10
calling remote_stop

did remote_stop

calling remote_stop

did remote_stop

executing match with Gaviota-1.0 on puppy

executing match with Gaviota-1.0 on puppy

executing match with Gaviota-1.0 on puppy

executing match with Gaviota-1.0 on puppy

executing match with Gaviota-1.0 on puppy

executing match with Gaviota-1.0 on puppy

executing match with Gaviota-1.0 on puppy

executing match with Gaviota-1.0 on puppy

executing match with EXchess-7.26 on sassy

executing match with EXchess-7.26 on sassy

executing match with EXchess-7.26 on sassy

executing match with EXchess-7.26 on sassy

executing match with EXchess-7.26 on sassy

executing match with EXchess-7.26 on sassy

executing match with Crafty-23.8 on sassy

executing match with Crafty-23.8 on sassy

executing match with Crafty-23.8 on sassy

executing match with Crafty-23.8 on sassy

executing match with Crafty-23.8 on sassy

executing match with Crafty-23.8 on sassy

executing match with Discocheck-5.2 on localhost

executing match with Discocheck-5.2 on localhost

executing match with Discocheck-5.2 on localhost

executing match with Discocheck-5.2 on localhost

executing match with Discocheck-5.2 on localhost

executing match with Discocheck-5.2 on localhost

executing match with Discocheck-5.2 on localhost

executing match with Discocheck-5.2 on localhost

executing match with MinkoChess-1.3 on localhost

executing match with MinkoChess-1.3 on localhost

executing match with MinkoChess-1.3 on localhost

executing match with MinkoChess-1.3 on localhost

executing match with MinkoChess-1.3 on localhost

executing match with MinkoChess-1.3 on localhost

executing match with MinkoChess-1.3 on localhost

executing match with MinkoChess-1.3 on localhost

executing match with Fruit-2.3.1 on localhost

executing match with Fruit-2.3.1 on localhost

executing match with Fruit-2.3.1 on localhost

executing match with Fruit-2.3.1 on localhost

executing match with Fruit-2.3.1 on localhost

executing match with Fruit-2.3.1 on localhost

executing match with Fruit-2.3.1 on localhost

executing match with Fruit-2.3.1 on localhost

waiting for local process completion

All local processes completed.

All remote processes completed.

rating=2333

executing /home/jdart/tools/match.py 200 see_pruning_min_depth 6 see_pruning_max_depth 6 lmr_base 5 lmr_pv 58 lmr_non_pv 29 lmr_depth 10
calling remote_stop

did remote_stop

calling remote_stop

did remote_stop

executing match with Gaviota-1.0 on puppy

executing match with Gaviota-1.0 on puppy

executing match with Gaviota-1.0 on puppy

executing match with Gaviota-1.0 on puppy

executing match with Gaviota-1.0 on puppy

executing match with Gaviota-1.0 on puppy

executing match with Gaviota-1.0 on puppy

executing match with Gaviota-1.0 on puppy

executing match with EXchess-7.26 on sassy

executing match with EXchess-7.26 on sassy

executing match with EXchess-7.26 on sassy

executing match with EXchess-7.26 on sassy

executing match with EXchess-7.26 on sassy

executing match with EXchess-7.26 on sassy

executing match with Crafty-23.8 on sassy

executing match with Crafty-23.8 on sassy

executing match with Crafty-23.8 on sassy

executing match with Crafty-23.8 on sassy

executing match with Crafty-23.8 on sassy

executing match with Crafty-23.8 on sassy

executing match with Discocheck-5.2 on localhost

executing match with Discocheck-5.2 on localhost

executing match with Discocheck-5.2 on localhost

executing match with Discocheck-5.2 on localhost

executing match with Discocheck-5.2 on localhost

executing match with Discocheck-5.2 on localhost

executing match with Discocheck-5.2 on localhost

executing match with Discocheck-5.2 on localhost

executing match with MinkoChess-1.3 on localhost

executing match with MinkoChess-1.3 on localhost

executing match with MinkoChess-1.3 on localhost

executing match with MinkoChess-1.3 on localhost

executing match with MinkoChess-1.3 on localhost

executing match with MinkoChess-1.3 on localhost

executing match with MinkoChess-1.3 on localhost

executing match with MinkoChess-1.3 on localhost

executing match with Fruit-2.3.1 on localhost

executing match with Fruit-2.3.1 on localhost

executing match with Fruit-2.3.1 on localhost

executing match with Fruit-2.3.1 on localhost

executing match with Fruit-2.3.1 on localhost

executing match with Fruit-2.3.1 on localhost

executing match with Fruit-2.3.1 on localhost

executing match with Fruit-2.3.1 on localhost

waiting for local process completion

All local processes completed.

All remote processes completed.

rating=2333

executing /home/jdart/tools/match.py 200 see_pruning_min_depth 4 see_pruning_max_depth 6 lmr_base 7 lmr_pv 58 lmr_non_pv 29 lmr_depth 10
calling remote_stop

did remote_stop

calling remote_stop

did remote_stop

executing match with Gaviota-1.0 on puppy

executing match with Gaviota-1.0 on puppy

executing match with Gaviota-1.0 on puppy

executing match with Gaviota-1.0 on puppy

executing match with Gaviota-1.0 on puppy

executing match with Gaviota-1.0 on puppy

executing match with Gaviota-1.0 on puppy

executing match with Gaviota-1.0 on puppy

executing match with EXchess-7.26 on sassy

executing match with EXchess-7.26 on sassy

executing match with EXchess-7.26 on sassy

executing match with EXchess-7.26 on sassy

executing match with EXchess-7.26 on sassy

executing match with EXchess-7.26 on sassy

executing match with Crafty-23.8 on sassy

executing match with Crafty-23.8 on sassy

executing match with Crafty-23.8 on sassy

executing match with Crafty-23.8 on sassy

executing match with Crafty-23.8 on sassy

executing match with Crafty-23.8 on sassy

executing match with Discocheck-5.2 on localhost

executing match with Discocheck-5.2 on localhost

executing match with Discocheck-5.2 on localhost

executing match with Discocheck-5.2 on localhost

executing match with Discocheck-5.2 on localhost

executing match with Discocheck-5.2 on localhost

executing match with Discocheck-5.2 on localhost

executing match with Discocheck-5.2 on localhost

executing match with MinkoChess-1.3 on localhost

executing match with MinkoChess-1.3 on localhost

executing match with MinkoChess-1.3 on localhost

executing match with MinkoChess-1.3 on localhost

executing match with MinkoChess-1.3 on localhost

executing match with MinkoChess-1.3 on localhost

executing match with MinkoChess-1.3 on localhost

executing match with MinkoChess-1.3 on localhost

executing match with Fruit-2.3.1 on localhost

executing match with Fruit-2.3.1 on localhost

executing match with Fruit-2.3.1 on localhost

executing match with Fruit-2.3.1 on localhost

executing match with Fruit-2.3.1 on localhost

executing match with Fruit-2.3.1 on localhost

executing match with Fruit-2.3.1 on localhost

executing match with Fruit-2.3.1 on localhost

waiting for local process completion

All local processes completed.

All remote processes completed.

rating=2339

executing /home/jdart/tools/match.py 200 see_pruning_min_depth 4 see_pruning_max_depth 6 lmr_base 5 lmr_pv 58 lmr_non_pv 29 lmr_depth 8
calling remote_stop

did remote_stop

calling remote_stop

did remote_stop

executing match with Gaviota-1.0 on puppy

executing match with Gaviota-1.0 on puppy

executing match with Gaviota-1.0 on puppy

executing match with Gaviota-1.0 on puppy

executing match with Gaviota-1.0 on puppy

executing match with Gaviota-1.0 on puppy

executing match with Gaviota-1.0 on puppy

executing match with Gaviota-1.0 on puppy

executing match with EXchess-7.26 on sassy

executing match with EXchess-7.26 on sassy

executing match with EXchess-7.26 on sassy

executing match with EXchess-7.26 on sassy

executing match with EXchess-7.26 on sassy

executing match with EXchess-7.26 on sassy

executing match with Crafty-23.8 on sassy

executing match with Crafty-23.8 on sassy

executing match with Crafty-23.8 on sassy

executing match with Crafty-23.8 on sassy

executing match with Crafty-23.8 on sassy

executing match with Crafty-23.8 on sassy

executing match with Discocheck-5.2 on localhost

executing match with Discocheck-5.2 on localhost

executing match with Discocheck-5.2 on localhost

executing match with Discocheck-5.2 on localhost

executing match with Discocheck-5.2 on localhost

executing match with Discocheck-5.2 on localhost

executing match with Discocheck-5.2 on localhost

executing match with Discocheck-5.2 on localhost

executing match with MinkoChess-1.3 on localhost

executing match with MinkoChess-1.3 on localhost

executing match with MinkoChess-1.3 on localhost

executing match with MinkoChess-1.3 on localhost

executing match with MinkoChess-1.3 on localhost

executing match with MinkoChess-1.3 on localhost

executing match with MinkoChess-1.3 on localhost

executing match with MinkoChess-1.3 on localhost

executing match with Fruit-2.3.1 on localhost

executing match with Fruit-2.3.1 on localhost

executing match with Fruit-2.3.1 on localhost

executing match with Fruit-2.3.1 on localhost

executing match with Fruit-2.3.1 on localhost

executing match with Fruit-2.3.1 on localhost

executing match with Fruit-2.3.1 on localhost

executing match with Fruit-2.3.1 on localhost

waiting for local process completion

All local processes completed.

All remote processes completed.

rating=2336

executing /home/jdart/tools/match.py 200 see_pruning_min_depth 4 see_pruning_max_depth 6 lmr_base 5 lmr_pv 58 lmr_non_pv 47 lmr_depth 10
calling remote_stop

did remote_stop

calling remote_stop

did remote_stop

executing match with Gaviota-1.0 on puppy

executing match with Gaviota-1.0 on puppy

executing match with Gaviota-1.0 on puppy

executing match with Gaviota-1.0 on puppy

executing match with Gaviota-1.0 on puppy

executing match with Gaviota-1.0 on puppy

executing match with Gaviota-1.0 on puppy

executing match with Gaviota-1.0 on puppy

executing match with EXchess-7.26 on sassy

executing match with EXchess-7.26 on sassy

executing match with EXchess-7.26 on sassy

executing match with EXchess-7.26 on sassy

executing match with EXchess-7.26 on sassy

executing match with EXchess-7.26 on sassy

executing match with Crafty-23.8 on sassy

executing match with Crafty-23.8 on sassy

executing match with Crafty-23.8 on sassy

executing match with Crafty-23.8 on sassy

executing match with Crafty-23.8 on sassy

executing match with Crafty-23.8 on sassy

executing match with Discocheck-5.2 on localhost

executing match with Discocheck-5.2 on localhost

executing match with Discocheck-5.2 on localhost

executing match with Discocheck-5.2 on localhost

executing match with Discocheck-5.2 on localhost

executing match with Discocheck-5.2 on localhost

executing match with Discocheck-5.2 on localhost

executing match with Discocheck-5.2 on localhost

executing match with MinkoChess-1.3 on localhost

executing match with MinkoChess-1.3 on localhost

executing match with MinkoChess-1.3 on localhost

executing match with MinkoChess-1.3 on localhost

executing match with MinkoChess-1.3 on localhost

executing match with MinkoChess-1.3 on localhost

executing match with MinkoChess-1.3 on localhost

executing match with MinkoChess-1.3 on localhost

executing match with Fruit-2.3.1 on localhost

executing match with Fruit-2.3.1 on localhost

executing match with Fruit-2.3.1 on localhost

executing match with Fruit-2.3.1 on localhost

executing match with Fruit-2.3.1 on localhost

executing match with Fruit-2.3.1 on localhost

executing match with Fruit-2.3.1 on localhost

executing match with Fruit-2.3.1 on localhost

waiting for local process completion

All local processes completed.

All remote processes completed.

rating=2317

executing /home/jdart/tools/match.py 200 see_pruning_min_depth 4 see_pruning_max_depth 6 lmr_base 5 lmr_pv 42 lmr_non_pv 29 lmr_depth 10
calling remote_stop

did remote_stop

calling remote_stop

did remote_stop

executing match with Gaviota-1.0 on puppy

executing match with Gaviota-1.0 on puppy

executing match with Gaviota-1.0 on puppy

executing match with Gaviota-1.0 on puppy

executing match with Gaviota-1.0 on puppy

executing match with Gaviota-1.0 on puppy

executing match with Gaviota-1.0 on puppy

executing match with Gaviota-1.0 on puppy

executing match with EXchess-7.26 on sassy

executing match with EXchess-7.26 on sassy

executing match with EXchess-7.26 on sassy

executing match with EXchess-7.26 on sassy

executing match with EXchess-7.26 on sassy

executing match with EXchess-7.26 on sassy

executing match with Crafty-23.8 on sassy

executing match with Crafty-23.8 on sassy

executing match with Crafty-23.8 on sassy

executing match with Crafty-23.8 on sassy

executing match with Crafty-23.8 on sassy

executing match with Crafty-23.8 on sassy

executing match with Discocheck-5.2 on localhost

executing match with Discocheck-5.2 on localhost

executing match with Discocheck-5.2 on localhost

executing match with Discocheck-5.2 on localhost

executing match with Discocheck-5.2 on localhost

executing match with Discocheck-5.2 on localhost

executing match with Discocheck-5.2 on localhost

executing match with Discocheck-5.2 on localhost

executing match with MinkoChess-1.3 on localhost

executing match with MinkoChess-1.3 on localhost

executing match with MinkoChess-1.3 on localhost

executing match with MinkoChess-1.3 on localhost

executing match with MinkoChess-1.3 on localhost

executing match with MinkoChess-1.3 on localhost

executing match with MinkoChess-1.3 on localhost

executing match with MinkoChess-1.3 on localhost

executing match with Fruit-2.3.1 on localhost

executing match with Fruit-2.3.1 on localhost

executing match with Fruit-2.3.1 on localhost

executing match with Fruit-2.3.1 on localhost

executing match with Fruit-2.3.1 on localhost

executing match with Fruit-2.3.1 on localhost

executing match with Fruit-2.3.1 on localhost

executing match with Fruit-2.3.1 on localhost

waiting for local process completion

All local processes completed.

All remote processes completed.

rating=2338

executing /home/jdart/tools/match.py 200 see_pruning_min_depth 0 see_pruning_max_depth 4 lmr_base 5 lmr_pv 58 lmr_non_pv 15 lmr_depth 12
calling remote_stop

did remote_stop

calling remote_stop

did remote_stop

executing match with Gaviota-1.0 on puppy

executing match with Gaviota-1.0 on puppy

executing match with Gaviota-1.0 on puppy

executing match with Gaviota-1.0 on puppy

executing match with Gaviota-1.0 on puppy

executing match with Gaviota-1.0 on puppy

executing match with Gaviota-1.0 on puppy

executing match with Gaviota-1.0 on puppy

executing match with EXchess-7.26 on sassy

executing match with EXchess-7.26 on sassy

executing match with EXchess-7.26 on sassy

executing match with EXchess-7.26 on sassy

executing match with EXchess-7.26 on sassy

executing match with EXchess-7.26 on sassy

executing match with Crafty-23.8 on sassy

executing match with Crafty-23.8 on sassy

executing match with Crafty-23.8 on sassy

executing match with Crafty-23.8 on sassy

executing match with Crafty-23.8 on sassy

executing match with Crafty-23.8 on sassy

executing match with Discocheck-5.2 on localhost

executing match with Discocheck-5.2 on localhost

executing match with Discocheck-5.2 on localhost

executing match with Discocheck-5.2 on localhost

executing match with Discocheck-5.2 on localhost

executing match with Discocheck-5.2 on localhost

executing match with Discocheck-5.2 on localhost

executing match with Discocheck-5.2 on localhost

executing match with MinkoChess-1.3 on localhost

executing match with MinkoChess-1.3 on localhost

executing match with MinkoChess-1.3 on localhost

executing match with MinkoChess-1.3 on localhost

executing match with MinkoChess-1.3 on localhost

executing match with MinkoChess-1.3 on localhost

executing match with MinkoChess-1.3 on localhost

executing match with MinkoChess-1.3 on localhost

executing match with Fruit-2.3.1 on localhost

executing match with Fruit-2.3.1 on localhost

executing match with Fruit-2.3.1 on localhost

executing match with Fruit-2.3.1 on localhost

executing match with Fruit-2.3.1 on localhost

executing match with Fruit-2.3.1 on localhost

executing match with Fruit-2.3.1 on localhost

executing match with Fruit-2.3.1 on localhost

waiting for local process completion

All local processes completed.

All remote processes completed.

rating=2347

	 11	(	0 4 5 58 15 12 )	2653.0000000000
iterations = 2, black box evals = 11
executing /home/jdart/tools/match.py 200 see_pruning_min_depth 2 see_pruning_max_depth 6 lmr_base 6 lmr_pv 42 lmr_non_pv 24 lmr_depth 9
calling remote_stop

did remote_stop

calling remote_stop

did remote_stop

executing match with Gaviota-1.0 on puppy

executing match with Gaviota-1.0 on puppy

executing match with Gaviota-1.0 on puppy

executing match with Gaviota-1.0 on puppy

executing match with Gaviota-1.0 on puppy

executing match with Gaviota-1.0 on puppy

executing match with Gaviota-1.0 on puppy

executing match with Gaviota-1.0 on puppy

executing match with EXchess-7.26 on sassy

executing match with EXchess-7.26 on sassy

executing match with EXchess-7.26 on sassy

executing match with EXchess-7.26 on sassy

executing match with EXchess-7.26 on sassy

executing match with EXchess-7.26 on sassy

executing match with Crafty-23.8 on sassy

executing match with Crafty-23.8 on sassy

executing match with Crafty-23.8 on sassy

executing match with Crafty-23.8 on sassy

executing match with Crafty-23.8 on sassy

executing match with Crafty-23.8 on sassy

executing match with Discocheck-5.2 on localhost

executing match with Discocheck-5.2 on localhost

executing match with Discocheck-5.2 on localhost

executing match with Discocheck-5.2 on localhost

executing match with Discocheck-5.2 on localhost

executing match with Discocheck-5.2 on localhost

executing match with Discocheck-5.2 on localhost

executing match with Discocheck-5.2 on localhost

executing match with MinkoChess-1.3 on localhost

executing match with MinkoChess-1.3 on localhost

executing match with MinkoChess-1.3 on localhost

executing match with MinkoChess-1.3 on localhost

executing match with MinkoChess-1.3 on localhost

executing match with MinkoChess-1.3 on localhost

executing match with MinkoChess-1.3 on localhost

executing match with MinkoChess-1.3 on localhost

executing match with Fruit-2.3.1 on localhost

executing match with Fruit-2.3.1 on localhost

executing match with Fruit-2.3.1 on localhost

executing match with Fruit-2.3.1 on localhost

executing match with Fruit-2.3.1 on localhost

executing match with Fruit-2.3.1 on localhost

executing match with Fruit-2.3.1 on localhost

executing match with Fruit-2.3.1 on localhost

waiting for local process completion

All local processes completed.

All remote processes completed.

rating=2335

executing /home/jdart/tools/match.py 200 see_pruning_min_depth 0 see_pruning_max_depth 4 lmr_base 3 lmr_pv 74 lmr_non_pv 15 lmr_depth 12
calling remote_stop

did remote_stop

calling remote_stop

did remote_stop

executing match with Gaviota-1.0 on puppy

executing match with Gaviota-1.0 on puppy

executing match with Gaviota-1.0 on puppy

executing match with Gaviota-1.0 on puppy

executing match with Gaviota-1.0 on puppy

executing match with Gaviota-1.0 on puppy

executing match with Gaviota-1.0 on puppy

executing match with Gaviota-1.0 on puppy

executing match with EXchess-7.26 on sassy

executing match with EXchess-7.26 on sassy

executing match with EXchess-7.26 on sassy

executing match with EXchess-7.26 on sassy

executing match with EXchess-7.26 on sassy

executing match with EXchess-7.26 on sassy

executing match with Crafty-23.8 on sassy

executing match with Crafty-23.8 on sassy

executing match with Crafty-23.8 on sassy

executing match with Crafty-23.8 on sassy

executing match with Crafty-23.8 on sassy

executing match with Crafty-23.8 on sassy

executing match with Discocheck-5.2 on localhost

executing match with Discocheck-5.2 on localhost

executing match with Discocheck-5.2 on localhost

executing match with Discocheck-5.2 on localhost

executing match with Discocheck-5.2 on localhost

executing match with Discocheck-5.2 on localhost

executing match with Discocheck-5.2 on localhost

executing match with Discocheck-5.2 on localhost

executing match with MinkoChess-1.3 on localhost

executing match with MinkoChess-1.3 on localhost

executing match with MinkoChess-1.3 on localhost

executing match with MinkoChess-1.3 on localhost

executing match with MinkoChess-1.3 on localhost

executing match with MinkoChess-1.3 on localhost

executing match with MinkoChess-1.3 on localhost

executing match with MinkoChess-1.3 on localhost

executing match with Fruit-2.3.1 on localhost

executing match with Fruit-2.3.1 on localhost

executing match with Fruit-2.3.1 on localhost

executing match with Fruit-2.3.1 on localhost

executing match with Fruit-2.3.1 on localhost

executing match with Fruit-2.3.1 on localhost

executing match with Fruit-2.3.1 on localhost

executing match with Fruit-2.3.1 on localhost

waiting for local process completion

All local processes completed.

All remote processes completed.

rating=2335

executing /home/jdart/tools/match.py 200 see_pruning_min_depth 0 see_pruning_max_depth 4 lmr_base 7 lmr_pv 42 lmr_non_pv 15 lmr_depth 12
calling remote_stop

did remote_stop

calling remote_stop

did remote_stop

executing match with Gaviota-1.0 on puppy

executing match with Gaviota-1.0 on puppy

executing match with Gaviota-1.0 on puppy

executing match with Gaviota-1.0 on puppy

executing match with Gaviota-1.0 on puppy

executing match with Gaviota-1.0 on puppy

executing match with Gaviota-1.0 on puppy

executing match with Gaviota-1.0 on puppy

executing match with EXchess-7.26 on sassy

executing match with EXchess-7.26 on sassy

executing match with EXchess-7.26 on sassy

executing match with EXchess-7.26 on sassy

executing match with EXchess-7.26 on sassy

executing match with EXchess-7.26 on sassy

executing match with Crafty-23.8 on sassy

executing match with Crafty-23.8 on sassy

executing match with Crafty-23.8 on sassy

executing match with Crafty-23.8 on sassy

executing match with Crafty-23.8 on sassy

executing match with Crafty-23.8 on sassy

executing match with Discocheck-5.2 on localhost

executing match with Discocheck-5.2 on localhost

executing match with Discocheck-5.2 on localhost

executing match with Discocheck-5.2 on localhost

executing match with Discocheck-5.2 on localhost

executing match with Discocheck-5.2 on localhost

executing match with Discocheck-5.2 on localhost

executing match with Discocheck-5.2 on localhost

executing match with MinkoChess-1.3 on localhost

executing match with MinkoChess-1.3 on localhost

executing match with MinkoChess-1.3 on localhost

executing match with MinkoChess-1.3 on localhost

executing match with MinkoChess-1.3 on localhost

executing match with MinkoChess-1.3 on localhost

executing match with MinkoChess-1.3 on localhost

executing match with MinkoChess-1.3 on localhost

executing match with Fruit-2.3.1 on localhost

executing match with Fruit-2.3.1 on localhost

executing match with Fruit-2.3.1 on localhost

executing match with Fruit-2.3.1 on localhost

executing match with Fruit-2.3.1 on localhost

executing match with Fruit-2.3.1 on localhost

executing match with Fruit-2.3.1 on localhost

executing match with Fruit-2.3.1 on localhost

waiting for local process completion

All local processes completed.

All remote processes completed.

rating=2346

executing /home/jdart/tools/match.py 200 see_pruning_min_depth 0 see_pruning_max_depth 4 lmr_base 3 lmr_pv 42 lmr_non_pv 15 lmr_depth 10
calling remote_stop

did remote_stop

calling remote_stop

did remote_stop

executing match with Gaviota-1.0 on puppy

executing match with Gaviota-1.0 on puppy

executing match with Gaviota-1.0 on puppy

executing match with Gaviota-1.0 on puppy

executing match with Gaviota-1.0 on puppy

executing match with Gaviota-1.0 on puppy

executing match with Gaviota-1.0 on puppy

executing match with Gaviota-1.0 on puppy

executing match with EXchess-7.26 on sassy

executing match with EXchess-7.26 on sassy

executing match with EXchess-7.26 on sassy

executing match with EXchess-7.26 on sassy

executing match with EXchess-7.26 on sassy

executing match with EXchess-7.26 on sassy

executing match with Crafty-23.8 on sassy

executing match with Crafty-23.8 on sassy

executing match with Crafty-23.8 on sassy

executing match with Crafty-23.8 on sassy

executing match with Crafty-23.8 on sassy

executing match with Crafty-23.8 on sassy

executing match with Discocheck-5.2 on localhost

executing match with Discocheck-5.2 on localhost

executing match with Discocheck-5.2 on localhost

executing match with Discocheck-5.2 on localhost

executing match with Discocheck-5.2 on localhost

executing match with Discocheck-5.2 on localhost

executing match with Discocheck-5.2 on localhost

executing match with Discocheck-5.2 on localhost

executing match with MinkoChess-1.3 on localhost

executing match with MinkoChess-1.3 on localhost

executing match with MinkoChess-1.3 on localhost

executing match with MinkoChess-1.3 on localhost

executing match with MinkoChess-1.3 on localhost

executing match with MinkoChess-1.3 on localhost

executing match with MinkoChess-1.3 on localhost

executing match with MinkoChess-1.3 on localhost

executing match with Fruit-2.3.1 on localhost

executing match with Fruit-2.3.1 on localhost

executing match with Fruit-2.3.1 on localhost

executing match with Fruit-2.3.1 on localhost

executing match with Fruit-2.3.1 on localhost

executing match with Fruit-2.3.1 on localhost

executing match with Fruit-2.3.1 on localhost

executing match with Fruit-2.3.1 on localhost

waiting for local process completion

All local processes completed.

All remote processes completed.

rating=2355

	 15	(	0 4 3 42 15 10 )	2645.0000000000
iterations = 3, black box evals = 15
executing /home/jdart/tools/match.py 200 see_pruning_min_depth 0 see_pruning_max_depth 4 lmr_base 0 lmr_pv 25 lmr_non_pv 15 lmr_depth 8
calling remote_stop

did remote_stop

calling remote_stop

did remote_stop

executing match with Gaviota-1.0 on puppy

executing match with Gaviota-1.0 on puppy

executing match with Gaviota-1.0 on puppy

executing match with Gaviota-1.0 on puppy

executing match with Gaviota-1.0 on puppy

executing match with Gaviota-1.0 on puppy

executing match with Gaviota-1.0 on puppy

executing match with Gaviota-1.0 on puppy

executing match with EXchess-7.26 on sassy

executing match with EXchess-7.26 on sassy

executing match with EXchess-7.26 on sassy

executing match with EXchess-7.26 on sassy

executing match with EXchess-7.26 on sassy

executing match with EXchess-7.26 on sassy

executing match with Crafty-23.8 on sassy

executing match with Crafty-23.8 on sassy

executing match with Crafty-23.8 on sassy

executing match with Crafty-23.8 on sassy

executing match with Crafty-23.8 on sassy

executing match with Crafty-23.8 on sassy

executing match with Discocheck-5.2 on localhost

executing match with Discocheck-5.2 on localhost

executing match with Discocheck-5.2 on localhost

executing match with Discocheck-5.2 on localhost

executing match with Discocheck-5.2 on localhost

executing match with Discocheck-5.2 on localhost

executing match with Discocheck-5.2 on localhost

executing match with Discocheck-5.2 on localhost

executing match with MinkoChess-1.3 on localhost

executing match with MinkoChess-1.3 on localhost

executing match with MinkoChess-1.3 on localhost

executing match with MinkoChess-1.3 on localhost

executing match with MinkoChess-1.3 on localhost

executing match with MinkoChess-1.3 on localhost

executing match with MinkoChess-1.3 on localhost

executing match with MinkoChess-1.3 on localhost

executing match with Fruit-2.3.1 on localhost

executing match with Fruit-2.3.1 on localhost

executing match with Fruit-2.3.1 on localhost

executing match with Fruit-2.3.1 on localhost

executing match with Fruit-2.3.1 on localhost

executing match with Fruit-2.3.1 on localhost

executing match with Fruit-2.3.1 on localhost

executing match with Fruit-2.3.1 on localhost

waiting for local process completion

All local processes completed.

All remote processes completed.

rating=2352

executing /home/jdart/tools/match.py 200 see_pruning_min_depth 2 see_pruning_max_depth 6 lmr_base 2 lmr_pv 34 lmr_non_pv 24 lmr_depth 11
calling remote_stop

did remote_stop

calling remote_stop

did remote_stop

executing match with Gaviota-1.0 on puppy

executing match with Gaviota-1.0 on puppy

executing match with Gaviota-1.0 on puppy

executing match with Gaviota-1.0 on puppy

executing match with Gaviota-1.0 on puppy

executing match with Gaviota-1.0 on puppy

executing match with Gaviota-1.0 on puppy

executing match with Gaviota-1.0 on puppy

executing match with EXchess-7.26 on sassy

executing match with EXchess-7.26 on sassy

executing match with EXchess-7.26 on sassy

executing match with EXchess-7.26 on sassy

executing match with EXchess-7.26 on sassy

executing match with EXchess-7.26 on sassy

executing match with Crafty-23.8 on sassy

executing match with Crafty-23.8 on sassy

executing match with Crafty-23.8 on sassy

executing match with Crafty-23.8 on sassy

executing match with Crafty-23.8 on sassy

executing match with Crafty-23.8 on sassy

executing match with Discocheck-5.2 on localhost

executing match with Discocheck-5.2 on localhost

executing match with Discocheck-5.2 on localhost

executing match with Discocheck-5.2 on localhost

executing match with Discocheck-5.2 on localhost

executing match with Discocheck-5.2 on localhost

executing match with Discocheck-5.2 on localhost

executing match with Discocheck-5.2 on localhost

executing match with MinkoChess-1.3 on localhost

executing match with MinkoChess-1.3 on localhost

executing match with MinkoChess-1.3 on localhost

executing match with MinkoChess-1.3 on localhost

executing match with MinkoChess-1.3 on localhost

executing match with MinkoChess-1.3 on localhost

executing match with MinkoChess-1.3 on localhost

executing match with MinkoChess-1.3 on localhost

executing match with Fruit-2.3.1 on localhost

executing match with Fruit-2.3.1 on localhost

executing match with Fruit-2.3.1 on localhost

executing match with Fruit-2.3.1 on localhost

executing match with Fruit-2.3.1 on localhost

executing match with Fruit-2.3.1 on localhost

executing match with Fruit-2.3.1 on localhost

executing match with Fruit-2.3.1 on localhost

waiting for local process completion

All local processes completed.

All remote processes completed.

rating=2345

executing /home/jdart/tools/match.py 200 see_pruning_min_depth 0 see_pruning_max_depth 4 lmr_base 1 lmr_pv 26 lmr_non_pv 15 lmr_depth 12
calling remote_stop

did remote_stop

calling remote_stop

did remote_stop

executing match with Gaviota-1.0 on puppy

executing match with Gaviota-1.0 on puppy

executing match with Gaviota-1.0 on puppy

executing match with Gaviota-1.0 on puppy

executing match with Gaviota-1.0 on puppy

executing match with Gaviota-1.0 on puppy

executing match with Gaviota-1.0 on puppy

executing match with Gaviota-1.0 on puppy

executing match with EXchess-7.26 on sassy

executing match with EXchess-7.26 on sassy

executing match with EXchess-7.26 on sassy

executing match with EXchess-7.26 on sassy

executing match with EXchess-7.26 on sassy

executing match with EXchess-7.26 on sassy

executing match with Crafty-23.8 on sassy

executing match with Crafty-23.8 on sassy

executing match with Crafty-23.8 on sassy

executing match with Crafty-23.8 on sassy

executing match with Crafty-23.8 on sassy

executing match with Crafty-23.8 on sassy

executing match with Discocheck-5.2 on localhost

executing match with Discocheck-5.2 on localhost

executing match with Discocheck-5.2 on localhost

executing match with Discocheck-5.2 on localhost

executing match with Discocheck-5.2 on localhost

executing match with Discocheck-5.2 on localhost

executing match with Discocheck-5.2 on localhost

executing match with Discocheck-5.2 on localhost

executing match with MinkoChess-1.3 on localhost

executing match with MinkoChess-1.3 on localhost

executing match with MinkoChess-1.3 on localhost

executing match with MinkoChess-1.3 on localhost

executing match with MinkoChess-1.3 on localhost

executing match with MinkoChess-1.3 on localhost

executing match with MinkoChess-1.3 on localhost

executing match with MinkoChess-1.3 on localhost

executing match with Fruit-2.3.1 on localhost

executing match with Fruit-2.3.1 on localhost

executing match with Fruit-2.3.1 on localhost

executing match with Fruit-2.3.1 on localhost

executing match with Fruit-2.3.1 on localhost

executing match with Fruit-2.3.1 on localhost

executing match with Fruit-2.3.1 on localhost

executing match with Fruit-2.3.1 on localhost

waiting for local process completion

All local processes completed.

All remote processes completed.

rating=2347

executing /home/jdart/tools/match.py 200 see_pruning_min_depth 4 see_pruning_max_depth 4 lmr_base 5 lmr_pv 25 lmr_non_pv 15 lmr_depth 12
calling remote_stop

did remote_stop

calling remote_stop

did remote_stop

executing match with Gaviota-1.0 on puppy

executing match with Gaviota-1.0 on puppy

executing match with Gaviota-1.0 on puppy

executing match with Gaviota-1.0 on puppy

executing match with Gaviota-1.0 on puppy

executing match with Gaviota-1.0 on puppy

executing match with Gaviota-1.0 on puppy

executing match with Gaviota-1.0 on puppy

executing match with EXchess-7.26 on sassy

executing match with EXchess-7.26 on sassy

executing match with EXchess-7.26 on sassy

executing match with EXchess-7.26 on sassy

executing match with EXchess-7.26 on sassy

executing match with EXchess-7.26 on sassy

executing match with Crafty-23.8 on sassy

executing match with Crafty-23.8 on sassy

executing match with Crafty-23.8 on sassy

executing match with Crafty-23.8 on sassy

executing match with Crafty-23.8 on sassy

executing match with Crafty-23.8 on sassy

executing match with Discocheck-5.2 on localhost

executing match with Discocheck-5.2 on localhost

executing match with Discocheck-5.2 on localhost

executing match with Discocheck-5.2 on localhost

executing match with Discocheck-5.2 on localhost

executing match with Discocheck-5.2 on localhost

executing match with Discocheck-5.2 on localhost

executing match with Discocheck-5.2 on localhost

executing match with MinkoChess-1.3 on localhost

executing match with MinkoChess-1.3 on localhost

executing match with MinkoChess-1.3 on localhost

executing match with MinkoChess-1.3 on localhost

executing match with MinkoChess-1.3 on localhost

executing match with MinkoChess-1.3 on localhost

executing match with MinkoChess-1.3 on localhost

executing match with MinkoChess-1.3 on localhost

executing match with Fruit-2.3.1 on localhost

executing match with Fruit-2.3.1 on localhost

executing match with Fruit-2.3.1 on localhost

executing match with Fruit-2.3.1 on localhost

executing match with Fruit-2.3.1 on localhost

executing match with Fruit-2.3.1 on localhost

executing match with Fruit-2.3.1 on localhost

executing match with Fruit-2.3.1 on localhost

waiting for local process completion

All local processes completed.

All remote processes completed.

rating=2349

executing /home/jdart/tools/match.py 200 see_pruning_min_depth 0 see_pruning_max_depth 4 lmr_base 8 lmr_pv 26 lmr_non_pv 15 lmr_depth 8
calling remote_stop

did remote_stop

calling remote_stop

did remote_stop

executing match with Gaviota-1.0 on puppy

executing match with Gaviota-1.0 on puppy

executing match with Gaviota-1.0 on puppy

executing match with Gaviota-1.0 on puppy

executing match with Gaviota-1.0 on puppy

executing match with Gaviota-1.0 on puppy

executing match with Gaviota-1.0 on puppy

executing match with Gaviota-1.0 on puppy

executing match with EXchess-7.26 on sassy

executing match with EXchess-7.26 on sassy

executing match with EXchess-7.26 on sassy

executing match with EXchess-7.26 on sassy

executing match with EXchess-7.26 on sassy

executing match with EXchess-7.26 on sassy

executing match with Crafty-23.8 on sassy

executing match with Crafty-23.8 on sassy

executing match with Crafty-23.8 on sassy

executing match with Crafty-23.8 on sassy

executing match with Crafty-23.8 on sassy

executing match with Crafty-23.8 on sassy

executing match with Discocheck-5.2 on localhost

executing match with Discocheck-5.2 on localhost

executing match with Discocheck-5.2 on localhost

executing match with Discocheck-5.2 on localhost

executing match with Discocheck-5.2 on localhost

executing match with Discocheck-5.2 on localhost

executing match with Discocheck-5.2 on localhost

executing match with Discocheck-5.2 on localhost

executing match with MinkoChess-1.3 on localhost

executing match with MinkoChess-1.3 on localhost

executing match with MinkoChess-1.3 on localhost

executing match with MinkoChess-1.3 on localhost

executing match with MinkoChess-1.3 on localhost

executing match with MinkoChess-1.3 on localhost

executing match with MinkoChess-1.3 on localhost

executing match with MinkoChess-1.3 on localhost

executing match with Fruit-2.3.1 on localhost

executing match with Fruit-2.3.1 on localhost

executing match with Fruit-2.3.1 on localhost

executing match with Fruit-2.3.1 on localhost

executing match with Fruit-2.3.1 on localhost

executing match with Fruit-2.3.1 on localhost

executing match with Fruit-2.3.1 on localhost

executing match with Fruit-2.3.1 on localhost

waiting for local process completion

All local processes completed.

All remote processes completed.

rating=2349

executing /home/jdart/tools/match.py 200 see_pruning_min_depth 0 see_pruning_max_depth 18 lmr_base 3 lmr_pv 42 lmr_non_pv 15 lmr_depth 10
calling remote_stop

did remote_stop

calling remote_stop

did remote_stop

executing match with Gaviota-1.0 on puppy

executing match with Gaviota-1.0 on puppy

executing match with Gaviota-1.0 on puppy

executing match with Gaviota-1.0 on puppy

executing match with Gaviota-1.0 on puppy

executing match with Gaviota-1.0 on puppy

executing match with Gaviota-1.0 on puppy

executing match with Gaviota-1.0 on puppy

executing match with EXchess-7.26 on sassy

executing match with EXchess-7.26 on sassy

executing match with EXchess-7.26 on sassy

executing match with EXchess-7.26 on sassy

executing match with EXchess-7.26 on sassy

executing match with EXchess-7.26 on sassy

executing match with Crafty-23.8 on sassy

executing match with Crafty-23.8 on sassy

executing match with Crafty-23.8 on sassy

executing match with Crafty-23.8 on sassy

executing match with Crafty-23.8 on sassy

executing match with Crafty-23.8 on sassy

executing match with Discocheck-5.2 on localhost

executing match with Discocheck-5.2 on localhost

executing match with Discocheck-5.2 on localhost

executing match with Discocheck-5.2 on localhost

executing match with Discocheck-5.2 on localhost

executing match with Discocheck-5.2 on localhost

executing match with Discocheck-5.2 on localhost

executing match with Discocheck-5.2 on localhost

executing match with MinkoChess-1.3 on localhost

executing match with MinkoChess-1.3 on localhost

executing match with MinkoChess-1.3 on localhost

executing match with MinkoChess-1.3 on localhost

executing match with MinkoChess-1.3 on localhost

executing match with MinkoChess-1.3 on localhost

executing match with MinkoChess-1.3 on localhost

executing match with MinkoChess-1.3 on localhost

executing match with Fruit-2.3.1 on localhost

executing match with Fruit-2.3.1 on localhost

executing match with Fruit-2.3.1 on localhost

executing match with Fruit-2.3.1 on localhost

executing match with Fruit-2.3.1 on localhost

executing match with Fruit-2.3.1 on localhost

executing match with Fruit-2.3.1 on localhost

executing match with Fruit-2.3.1 on localhost

waiting for local process completion

All local processes completed.

All remote processes completed.

rating=2354

executing /home/jdart/tools/match.py 200 see_pruning_min_depth 0 see_pruning_max_depth 4 lmr_base 3 lmr_pv 42 lmr_non_pv 78 lmr_depth 10
calling remote_stop

did remote_stop

calling remote_stop

did remote_stop

executing match with Gaviota-1.0 on puppy

executing match with Gaviota-1.0 on puppy

executing match with Gaviota-1.0 on puppy

executing match with Gaviota-1.0 on puppy

executing match with Gaviota-1.0 on puppy

executing match with Gaviota-1.0 on puppy

executing match with Gaviota-1.0 on puppy

executing match with Gaviota-1.0 on puppy

executing match with EXchess-7.26 on sassy

executing match with EXchess-7.26 on sassy

executing match with EXchess-7.26 on sassy

executing match with EXchess-7.26 on sassy

executing match with EXchess-7.26 on sassy

executing match with EXchess-7.26 on sassy

executing match with Crafty-23.8 on sassy

executing match with Crafty-23.8 on sassy

executing match with Crafty-23.8 on sassy

executing match with Crafty-23.8 on sassy

executing match with Crafty-23.8 on sassy

executing match with Crafty-23.8 on sassy

executing match with Discocheck-5.2 on localhost

executing match with Discocheck-5.2 on localhost

executing match with Discocheck-5.2 on localhost

executing match with Discocheck-5.2 on localhost

executing match with Discocheck-5.2 on localhost

executing match with Discocheck-5.2 on localhost

executing match with Discocheck-5.2 on localhost

executing match with Discocheck-5.2 on localhost

executing match with MinkoChess-1.3 on localhost

executing match with MinkoChess-1.3 on localhost

executing match with MinkoChess-1.3 on localhost

executing match with MinkoChess-1.3 on localhost

executing match with MinkoChess-1.3 on localhost

executing match with MinkoChess-1.3 on localhost

executing match with MinkoChess-1.3 on localhost

executing match with MinkoChess-1.3 on localhost

executing match with Fruit-2.3.1 on localhost

executing match with Fruit-2.3.1 on localhost

executing match with Fruit-2.3.1 on localhost

executing match with Fruit-2.3.1 on localhost

executing match with Fruit-2.3.1 on localhost

executing match with Fruit-2.3.1 on localhost

executing match with Fruit-2.3.1 on localhost

executing match with Fruit-2.3.1 on localhost

waiting for local process completion

All local processes completed.

All remote processes completed.

rating=2309

executing /home/jdart/tools/match.py 200 see_pruning_min_depth 8 see_pruning_max_depth 4 lmr_base 10 lmr_pv 50 lmr_non_pv 15 lmr_depth 8
calling remote_stop

did remote_stop

calling remote_stop

did remote_stop

executing match with Gaviota-1.0 on puppy

executing match with Gaviota-1.0 on puppy

executing match with Gaviota-1.0 on puppy

executing match with Gaviota-1.0 on puppy

executing match with Gaviota-1.0 on puppy

executing match with Gaviota-1.0 on puppy

executing match with Gaviota-1.0 on puppy

executing match with Gaviota-1.0 on puppy

executing match with EXchess-7.26 on sassy

executing match with EXchess-7.26 on sassy

executing match with EXchess-7.26 on sassy

executing match with EXchess-7.26 on sassy

executing match with EXchess-7.26 on sassy

executing match with EXchess-7.26 on sassy

executing match with Crafty-23.8 on sassy

executing match with Crafty-23.8 on sassy

executing match with Crafty-23.8 on sassy

executing match with Crafty-23.8 on sassy

executing match with Crafty-23.8 on sassy

executing match with Crafty-23.8 on sassy

executing match with Discocheck-5.2 on localhost

executing match with Discocheck-5.2 on localhost

executing match with Discocheck-5.2 on localhost

executing match with Discocheck-5.2 on localhost

executing match with Discocheck-5.2 on localhost

executing match with Discocheck-5.2 on localhost

executing match with Discocheck-5.2 on localhost

executing match with Discocheck-5.2 on localhost

executing match with MinkoChess-1.3 on localhost

executing match with MinkoChess-1.3 on localhost

executing match with MinkoChess-1.3 on localhost

executing match with MinkoChess-1.3 on localhost

executing match with MinkoChess-1.3 on localhost

executing match with MinkoChess-1.3 on localhost

executing match with MinkoChess-1.3 on localhost

executing match with MinkoChess-1.3 on localhost

executing match with Fruit-2.3.1 on localhost

executing match with Fruit-2.3.1 on localhost

executing match with Fruit-2.3.1 on localhost

executing match with Fruit-2.3.1 on localhost

executing match with Fruit-2.3.1 on localhost

executing match with Fruit-2.3.1 on localhost

executing match with Fruit-2.3.1 on localhost

executing match with Fruit-2.3.1 on localhost

waiting for local process completion

All local processes completed.

All remote processes completed.

rating=2347

iterations = 4, black box evals = 23
executing /home/jdart/tools/match.py 200 see_pruning_min_depth 6 see_pruning_max_depth 14 lmr_base 3 lmr_pv 58 lmr_non_pv 33 lmr_depth 11
calling remote_stop

did remote_stop

calling remote_stop

did remote_stop

executing match with Gaviota-1.0 on puppy

executing match with Gaviota-1.0 on puppy

executing match with Gaviota-1.0 on puppy

executing match with Gaviota-1.0 on puppy

executing match with Gaviota-1.0 on puppy

executing match with Gaviota-1.0 on puppy

executing match with Gaviota-1.0 on puppy

executing match with Gaviota-1.0 on puppy

executing match with EXchess-7.26 on sassy

executing match with EXchess-7.26 on sassy

executing match with EXchess-7.26 on sassy

executing match with EXchess-7.26 on sassy

executing match with EXchess-7.26 on sassy

executing match with EXchess-7.26 on sassy

executing match with Crafty-23.8 on sassy

executing match with Crafty-23.8 on sassy

executing match with Crafty-23.8 on sassy

executing match with Crafty-23.8 on sassy

executing match with Crafty-23.8 on sassy

executing match with Crafty-23.8 on sassy

executing match with Discocheck-5.2 on localhost

executing match with Discocheck-5.2 on localhost

executing match with Discocheck-5.2 on localhost

executing match with Discocheck-5.2 on localhost

executing match with Discocheck-5.2 on localhost

executing match with Discocheck-5.2 on localhost

executing match with Discocheck-5.2 on localhost

executing match with Discocheck-5.2 on localhost

executing match with MinkoChess-1.3 on localhost

executing match with MinkoChess-1.3 on localhost

executing match with MinkoChess-1.3 on localhost

executing match with MinkoChess-1.3 on localhost

executing match with MinkoChess-1.3 on localhost

executing match with MinkoChess-1.3 on localhost

executing match with MinkoChess-1.3 on localhost

executing match with MinkoChess-1.3 on localhost

executing match with Fruit-2.3.1 on localhost

executing match with Fruit-2.3.1 on localhost

executing match with Fruit-2.3.1 on localhost

executing match with Fruit-2.3.1 on localhost

executing match with Fruit-2.3.1 on localhost

executing match with Fruit-2.3.1 on localhost

executing match with Fruit-2.3.1 on localhost

executing match with Fruit-2.3.1 on localhost

waiting for local process completion

All local processes completed.

All remote processes completed.

rating=2332

executing /home/jdart/tools/match.py 200 see_pruning_min_depth 0 see_pruning_max_depth 4 lmr_base 3 lmr_pv 26 lmr_non_pv 15 lmr_depth 10
calling remote_stop

did remote_stop

calling remote_stop

did remote_stop

executing match with Gaviota-1.0 on puppy

executing match with Gaviota-1.0 on puppy

executing match with Gaviota-1.0 on puppy

executing match with Gaviota-1.0 on puppy

executing match with Gaviota-1.0 on puppy

executing match with Gaviota-1.0 on puppy

executing match with Gaviota-1.0 on puppy

executing match with Gaviota-1.0 on puppy

executing match with EXchess-7.26 on sassy

executing match with EXchess-7.26 on sassy

executing match with EXchess-7.26 on sassy

executing match with EXchess-7.26 on sassy

executing match with EXchess-7.26 on sassy

executing match with EXchess-7.26 on sassy

executing match with Crafty-23.8 on sassy

executing match with Crafty-23.8 on sassy

executing match with Crafty-23.8 on sassy

executing match with Crafty-23.8 on sassy

executing match with Crafty-23.8 on sassy

executing match with Crafty-23.8 on sassy

executing match with Discocheck-5.2 on localhost

executing match with Discocheck-5.2 on localhost

executing match with Discocheck-5.2 on localhost

executing match with Discocheck-5.2 on localhost

executing match with Discocheck-5.2 on localhost

executing match with Discocheck-5.2 on localhost

executing match with Discocheck-5.2 on localhost

executing match with Discocheck-5.2 on localhost

executing match with MinkoChess-1.3 on localhost

executing match with MinkoChess-1.3 on localhost

executing match with MinkoChess-1.3 on localhost

executing match with MinkoChess-1.3 on localhost

executing match with MinkoChess-1.3 on localhost

executing match with MinkoChess-1.3 on localhost

executing match with MinkoChess-1.3 on localhost

executing match with MinkoChess-1.3 on localhost

executing match with Fruit-2.3.1 on localhost

executing match with Fruit-2.3.1 on localhost

executing match with Fruit-2.3.1 on localhost

executing match with Fruit-2.3.1 on localhost

executing match with Fruit-2.3.1 on localhost

executing match with Fruit-2.3.1 on localhost

executing match with Fruit-2.3.1 on localhost

executing match with Fruit-2.3.1 on localhost

waiting for local process completion

All local processes completed.

All remote processes completed.

rating=2353

executing /home/jdart/tools/match.py 200 see_pruning_min_depth 0 see_pruning_max_depth 4 lmr_base 3 lmr_pv 42 lmr_non_pv 15 lmr_depth 8
calling remote_stop

did remote_stop

calling remote_stop

did remote_stop

executing match with Gaviota-1.0 on puppy

executing match with Gaviota-1.0 on puppy

executing match with Gaviota-1.0 on puppy

executing match with Gaviota-1.0 on puppy

executing match with Gaviota-1.0 on puppy

executing match with Gaviota-1.0 on puppy

executing match with Gaviota-1.0 on puppy

executing match with Gaviota-1.0 on puppy

executing match with EXchess-7.26 on sassy

executing match with EXchess-7.26 on sassy

executing match with EXchess-7.26 on sassy

executing match with EXchess-7.26 on sassy

executing match with EXchess-7.26 on sassy

executing match with EXchess-7.26 on sassy

executing match with Crafty-23.8 on sassy

executing match with Crafty-23.8 on sassy

executing match with Crafty-23.8 on sassy

executing match with Crafty-23.8 on sassy

executing match with Crafty-23.8 on sassy

executing match with Crafty-23.8 on sassy

executing match with Discocheck-5.2 on localhost

executing match with Discocheck-5.2 on localhost

executing match with Discocheck-5.2 on localhost

executing match with Discocheck-5.2 on localhost

executing match with Discocheck-5.2 on localhost

executing match with Discocheck-5.2 on localhost

executing match with Discocheck-5.2 on localhost

executing match with Discocheck-5.2 on localhost

executing match with MinkoChess-1.3 on localhost

executing match with MinkoChess-1.3 on localhost

executing match with MinkoChess-1.3 on localhost

executing match with MinkoChess-1.3 on localhost

executing match with MinkoChess-1.3 on localhost

executing match with MinkoChess-1.3 on localhost

executing match with MinkoChess-1.3 on localhost

executing match with MinkoChess-1.3 on localhost

executing match with Fruit-2.3.1 on localhost

executing match with Fruit-2.3.1 on localhost

executing match with Fruit-2.3.1 on localhost

executing match with Fruit-2.3.1 on localhost

executing match with Fruit-2.3.1 on localhost

executing match with Fruit-2.3.1 on localhost

executing match with Fruit-2.3.1 on localhost

executing match with Fruit-2.3.1 on localhost

waiting for local process completion

All local processes completed.

All remote processes completed.

rating=2347

executing /home/jdart/tools/match.py 200 see_pruning_min_depth 0 see_pruning_max_depth 4 lmr_base 1 lmr_pv 42 lmr_non_pv 15 lmr_depth 10
